This is pdfTeX, Version 3.14159-14f-released-20000525 (MiKTeX 2.1) (preloaded format=latex 2000.11.28)  18 MAY 2006 12:38
**manual.tex
(manual.tex{pdftex.cfg}
LaTeX2e <2001/06/01>
Babel <v3.7h> and hyphenation patterns for english, french, german, ngerman, du
mylang, nohyphenation, loaded.
(C:\texmf\tex\latex\base\latex209.def
File: latex209.def 1998/05/13 v0.52 Standard LaTeX file


          Entering LaTeX 2.09 COMPATIBILITY MODE
 *************************************************************
    !!WARNING!!    !!WARNING!!    !!WARNING!!    !!WARNING!!   
 
 This mode attempts to provide an emulation of the LaTeX 2.09
 author environment so that OLD documents can be successfully
 processed. It should NOT be used for NEW documents!
 
 New documents should use Standard LaTeX conventions and start
 with the \documentclass command.
 
 Compatibility mode is UNLIKELY TO WORK with LaTeX 2.09 style
 files that change any internal macros, especially not with
 those that change the FONT SELECTION or OUTPUT ROUTINES.
 
 Therefore such style files MUST BE UPDATED to use
          Current Standard LaTeX: LaTeX2e.
 If you suspect that you may be using such a style file, which
 is probably very, very old by now, then you should attempt to
 get it updated by sending a copy of this error message to the
 author of that file.
 *************************************************************

\footheight=\dimen102
\@maxsep=\dimen103
\@dblmaxsep=\dimen104
\@cla=\count79
\@clb=\count80
\mscount=\count81
(C:\texmf\tex\latex\base\tracefnt.sty
Package: tracefnt 1997/05/29 v3.0j Standard LaTeX package (font tracing)
\tracingfonts=\count82
LaTeX Info: Redefining \selectfont on input line 96.
)
\symbold=\mathgroup4
\symsans=\mathgroup5
\symtypewriter=\mathgroup6
\symitalic=\mathgroup7
\symsmallcaps=\mathgroup8
\symslanted=\mathgroup9
LaTeX Font Info:    Redeclaring math alphabet \mathbf on input line 288.
LaTeX Font Info:    Redeclaring math alphabet \mathsf on input line 289.
LaTeX Font Info:    Redeclaring math alphabet \mathtt on input line 290.
LaTeX Font Info:    Redeclaring math alphabet \mathit on input line 296.
LaTeX Info: Redefining \em on input line 306.
 (C:\texmf\tex\latex\base\latexsym.sty
Package: latexsym 1998/08/17 v2.2e Standard LaTeX package (lasy symbols)
\symlasy=\mathgroup10
LaTeX Font Info:    Overwriting symbol font `lasy' in version `bold'
(Font)                  U/lasy/m/n --> U/lasy/b/n on input line 42.
)
LaTeX Font Info:    Redeclaring math delimiter \lgroup on input line 370.
LaTeX Font Info:    Redeclaring math delimiter \rgroup on input line 372.
LaTeX Font Info:    Redeclaring math delimiter \bracevert on input line 374.
)
(C:\texmf\tex\latex\base\article.cls
Document Class: article 2001/04/21 v1.4e Standard LaTeX document class
(C:\texmf\tex\latex\base\size10.clo
File: size10.clo 2001/04/21 v1.4e Standard LaTeX file (size option)
)
\c@part=\count83
\c@section=\count84
\c@subsection=\count85
\c@subsubsection=\count86
\c@paragraph=\count87
\c@subparagraph=\count88
\c@figure=\count89
\c@table=\count90
\abovecaptionskip=\skip41
\belowcaptionskip=\skip42
Compatibility mode: definition of \rm ignored.
Compatibility mode: definition of \sf ignored.
Compatibility mode: definition of \tt ignored.
Compatibility mode: definition of \bf ignored.
Compatibility mode: definition of \it ignored.
Compatibility mode: definition of \sl ignored.
Compatibility mode: definition of \sc ignored.
LaTeX Info: Redefining \cal on input line 501.
LaTeX Info: Redefining \mit on input line 502.
\bibindent=\dimen105
) (manual.aux)
LaTeX Font Info:    Checking defaults for OML/cmm/m/it on input line 2.
LaTeX Font Info:    ... okay on input line 2.
LaTeX Font Info:    Checking defaults for T1/cmr/m/n on input line 2.
LaTeX Font Info:    ... okay on input line 2.
LaTeX Font Info:    Checking defaults for OT1/cmr/m/n on input line 2.
LaTeX Font Info:    ... okay on input line 2.
LaTeX Font Info:    Checking defaults for OMS/cmsy/m/n on input line 2.
LaTeX Font Info:    ... okay on input line 2.
LaTeX Font Info:    Checking defaults for OMX/cmex/m/n on input line 2.
LaTeX Font Info:    ... okay on input line 2.
LaTeX Font Info:    Checking defaults for U/cmr/m/n on input line 2.
LaTeX Font Info:    ... okay on input line 2.
 (manual.toc
LaTeX Font Info:    External font `cmex10' loaded for size
(Font)              <7> on input line 2.
LaTeX Font Info:    External font `cmex10' loaded for size
(Font)              <5> on input line 2.
LaTeX Font Info:    Try loading font information for U+lasy on input line 2.

(C:\texmf\tex\latex\base\ulasy.fd
File: ulasy.fd 1998/08/17 v2.2e LaTeX symbol font definitions
))
\tf@toc=\write3
 [1

{psfonts.map}]
LaTeX Font Info:    Try loading font information for OMS+cmr on input line 43.

(C:\texmf\tex\latex\base\omscmr.fd
File: omscmr.fd 1999/05/25 v2.5h Standard LaTeX font definitions
)
LaTeX Font Info:    Font shape `OMS/cmr/m/n' in size <10> not available
(Font)              Font shape `OMS/cmsy/m/n' tried instead on input line 43.
 [2] [3] [4]
Underfull \hbox (badness 2150) in paragraph at lines 166--167
[]/cmr10/the list with do-main spe-cific
 []


Underfull \hbox (badness 1259) in paragraph at lines 172--174
/cmr10/the archive and when was it
 []


Underfull \hbox (badness 10000) in paragraph at lines 179--180
[]/cmr10/basic make file for La-Tex
 []


Underfull \hbox (badness 10000) in paragraph at lines 155--182

 []

[5]
Underfull \hbox (badness 10000) in paragraph at lines 232--232
[]/cmr10/machine that ex-e-cutes the
 []


Underfull \hbox (badness 3049) in paragraph at lines 233--233
[]/cmr10/name of the in-te-grate batch
 []


Overfull \hbox (150.83748pt too wide) in paragraph at lines 224--242
/cmr10/In the ta-ble be-low these com-mands are ex-plained. []
 []

[6] [7]
Underfull \hbox (badness 10000) in paragraph at lines 284--298

 []


Underfull \hbox (badness 10000) in paragraph at lines 284--298

 []

[8] [9] [10] [11] [12]
Overfull \hbox (7.36076pt too wide) in paragraph at lines 556--559
/cmr10/Suppose the sys-tem con-sists of one ex-e-cutable []/cmtt10/system.exe /
cmr10/in com-po-nent []/cmtt10/general/cmr10/,
 []

[13]
LaTeX Font Info:    External font `cmex10' loaded for size
(Font)              <8> on input line 616.
LaTeX Font Info:    External font `cmex10' loaded for size
(Font)              <6> on input line 616.

Underfull \hbox (badness 10000) in paragraph at lines 600--626

 []

[14] [15]
Underfull \hbox (badness 10000) in paragraph at lines 703--707

 []

[16]
Underfull \hbox (badness 2368) in paragraph at lines 766--774
[]/cmr10/build tar-get []/cmtt10/<file> /cmr10/be-long-ing to com-po-nent
 []


Underfull \hbox (badness 1127) in paragraph at lines 800--802
[]/cmr10/shows the er-ror mes-sages pro-duced by []/cmtt10/build
 []


Overfull \hbox (34.58495pt too wide) in paragraph at lines 765--803
[] 
 []

[17]
Overfull \hbox (60.83472pt too wide) in paragraph at lines 804--836
[] 
 []

[18]
Overfull \hbox (39.8349pt too wide) in paragraph at lines 837--859
[] 
 []


Underfull \hbox (badness 1466) in paragraph at lines 861--863
[]/cmr10/shows which files are locked in the spec-i-fied
 []

[19]
Overfull \hbox (66.08467pt too wide) in paragraph at lines 871--888
[] 
 []


Overfull \hbox (3.08522pt too wide) in paragraph at lines 889--900
[] 
 []


Overfull \hbox (39.8349pt too wide) in paragraph at lines 901--915
[] 
 []

[20] [21] (manual.aux) )<cmr8.pfb><cmr6.pfb><cmr7.pfb><cmtt10.pfb><cmti10.pfb><
cmsy10.pfb><cmr10.pfb><cmbx10.pfb><cmbx12.pfb>
Output written on manual.pdf (21 pages, 119094 bytes).
